<?xml version="1.0" encoding="UTF-8"?>
<!-- Generated by org.testng.reporters.JUnitReportReporter -->
<testsuite skipped="0" hostname="DESKTOP-B0390S4" name="TestCase.loginTestPage" tests="8" failures="0" timestamp="13 Jul 2018 08:30:06 GMT" time="257.605" errors="1">
  <testcase name="VerifyLoginScreen" time="8.012" classname="TestCase.loginTestPage"/>
  <testcase name="ValidLoginTest_ValidUserNameValidPassword" time="39.735" classname="TestCase.loginTestPage"/>
  <testcase name="InvalidLoginTest_ValidUserNameInvalidPassword" time="38.978" classname="TestCase.loginTestPage"/>
  <testcase name="InvalidLoginTest_InvalidUserNameValidPassword" time="33.051" classname="TestCase.loginTestPage"/>
  <testcase name="InvalidLoginTest_EmptyUserNameValidPassword" time="32.907" classname="TestCase.loginTestPage"/>
  <testcase name="InvalidLoginTest_ValidUserNameEmptyPassword" time="32.705" classname="TestCase.loginTestPage"/>
  <testcase name="InvalidLoginTest_SpecialCharacters" time="33.029" classname="TestCase.loginTestPage"/>
  <testcase name="InvalidLoginTest_FailCaseToCheckAlert" time="39.188" classname="TestCase.loginTestPage">
    <error type="org.openqa.selenium.TimeoutException" message="Expected condition failed: waiting for presence of element located by: By.xpath: //android.widget.TextView[contains(@text,&#039;abc&#039;)] (tried for 15 second(s) with 500 MILLISECONDS interval)">
      <![CDATA[org.openqa.selenium.TimeoutException: Expected condition failed: waiting for presence of element located by: By.xpath: //android.widget.TextView[contains(@text,'abc')] (tried for 15 second(s) with 500 MILLISECONDS interval)
at org.openqa.selenium.support.ui.WebDriverWait.timeoutException(WebDriverWait.java:80)
at org.openqa.selenium.support.ui.FluentWait.until(FluentWait.java:232)
at Libs.WaitActions.WaitPresentbyXpath(WaitActions.java:42)
at CommonPages.BasePage.isElementDisplayed(BasePage.java:57)
at CommonPages.HomePage.isHomeScreenDisplayedFail(HomePage.java:39)
at TestCase.loginTestPage.InvalidLoginTest_FailCaseToCheckAlert(loginTestPage.java:257)
at sun.reflect.NativeMethodAccessorImpl.invoke0(Native Method)
at sun.reflect.NativeMethodAccessorImpl.invoke(NativeMethodAccessorImpl.java:62)
at sun.reflect.DelegatingMethodAccessorImpl.invoke(DelegatingMethodAccessorImpl.java:43)
at java.lang.reflect.Method.invoke(Method.java:498)
at org.testng.internal.MethodInvocationHelper.invokeMethod(MethodInvocationHelper.java:124)
at org.testng.internal.Invoker.invokeMethod(Invoker.java:580)
at org.testng.internal.Invoker.invokeTestMethod(Invoker.java:716)
at org.testng.internal.Invoker.invokeTestMethods(Invoker.java:988)
at org.testng.internal.TestMethodWorker.invokeTestMethods(TestMethodWorker.java:125)
at org.testng.internal.TestMethodWorker.run(TestMethodWorker.java:109)
at org.testng.TestRunner.privateRun(TestRunner.java:648)
at org.testng.TestRunner.run(TestRunner.java:505)
at org.testng.SuiteRunner.runTest(SuiteRunner.java:455)
at org.testng.SuiteRunner.access$000(SuiteRunner.java:40)
at org.testng.SuiteRunner$SuiteWorker.run(SuiteRunner.java:489)
at org.testng.internal.thread.ThreadUtil$1.call(ThreadUtil.java:52)
at java.util.concurrent.FutureTask.run(FutureTask.java:266)
at java.util.concurrent.ThreadPoolExecutor.runWorker(ThreadPoolExecutor.java:1149)
at java.util.concurrent.ThreadPoolExecutor$Worker.run(ThreadPoolExecutor.java:624)
at java.lang.Thread.run(Thread.java:748)
Caused by: org.openqa.selenium.NoSuchElementException: Cannot locate an element using By.xpath: //android.widget.TextView[contains(@text,'abc')]
For documentation on this error, please visit: http://seleniumhq.org/exceptions/no_such_element.html
Build info: version: '3.4.0', revision: 'unknown', time: 'unknown'
System info: host: 'DESKTOP-B0390S4', ip: '192.168.1.39', os.name: 'Windows 10', os.arch: 'amd64', os.version: '10.0', java.version: '1.8.0_171'
Driver info: driver.version: unknown
at org.openqa.selenium.support.ui.ExpectedConditions.lambda$findElement$0(ExpectedConditions.java:883)
at java.util.Optional.orElseThrow(Optional.java:290)
at org.openqa.selenium.support.ui.ExpectedConditions.findElement(ExpectedConditions.java:882)
at org.openqa.selenium.support.ui.ExpectedConditions.access$000(ExpectedConditions.java:44)
at org.openqa.selenium.support.ui.ExpectedConditions$6.apply(ExpectedConditions.java:183)
at org.openqa.selenium.support.ui.ExpectedConditions$6.apply(ExpectedConditions.java:180)
at org.openqa.selenium.support.ui.FluentWait.until(FluentWait.java:209)
... 24 more
]]>
    </error>
  </testcase> <!-- InvalidLoginTest_FailCaseToCheckAlert -->
</testsuite> <!-- TestCase.loginTestPage -->
